<?xml version="1.0" encoding="UTF-8"?>
<!-- Generated by org.testng.reporters.JUnitXMLReporter -->
<testsuite hostname="LAPTOP-NJFUNEJK" ignored="0" name="Test" tests="22" failures="1" timestamp="2021-12-08T20:08:18 IST" time="744.148" errors="0">
  <testcase name="validateTitleTest" time="0.809" classname="com.testcases.LoginPageTest"/>
  <testcase name="ValidorInvalidMobileNoTest" time="6.998" classname="com.testcases.LoginPageTest"/>
  <testcase name="ValidorInvalidMobileNoTest" time="8.414" classname="com.testcases.LoginPageTest"/>
  <testcase name="User_is_in_FlightPageTest" time="4.173" classname="com.testcases.FlightPageTest"/>
  <testcase name="SearchFlightTest" time="14.775" classname="com.testcases.FlightPageTest"/>
  <testcase name="SearchFlightTest" time="9.348" classname="com.testcases.FlightPageTest"/>
  <testcase name="SearchFlightTest" time="8.657" classname="com.testcases.FlightPageTest"/>
  <testcase name="SearchFlightTest" time="21.868" classname="com.testcases.FlightPageTest"/>
  <testcase name="SearchFlightTest" time="9.45" classname="com.testcases.FlightPageTest"/>
  <testcase name="SearchFlightTest" time="8.53" classname="com.testcases.FlightPageTest"/>
  <testcase name="BookFlightTest" time="42.035" classname="com.testcases.FlightPageTest"/>
  <testcase name="BookFlightTest" time="32.658" classname="com.testcases.FlightPageTest"/>
  <testcase name="BookFlightTest" time="42.784" classname="com.testcases.FlightPageTest"/>
  <testcase name="BookFlightTest" time="34.59" classname="com.testcases.FlightPageTest"/>
  <testcase name="BookFlightTest" time="32.73" classname="com.testcases.FlightPageTest"/>
  <testcase name="Validate_User_in_HotelPageTest" time="5.414" classname="com.testcases.HotelPageTest"/>
  <testcase name="SearchHotelTest" time="0.0" classname="com.testcases.HotelPageTest">
    <skipped/>
  </testcase> <!-- SearchHotelTest -->
  <testcase name="BookHotelTest" time="39.864" classname="com.testcases.HotelPageTest"/>
  <testcase name="BookHotelTest" time="38.675" classname="com.testcases.HotelPageTest"/>
  <testcase name="BookHotelTest" time="37.434" classname="com.testcases.HotelPageTest"/>
  <testcase name="BookHotelTest" time="37.26" classname="com.testcases.HotelPageTest"/>
  <testcase name="BookHotelTest" time="14.55" classname="com.testcases.HotelPageTest">
    <failure type="org.openqa.selenium.NoSuchElementException" message="no such element: Unable to locate element: {&amp;quot;method&amp;quot;:&amp;quot;xpath&amp;quot;,&amp;quot;selector&amp;quot;:&amp;quot;//div[2]/div/div/div[2]/div/div[2]/div[1]&amp;quot;}
  (Session info: chrome=96.0.4664.93)
For documentation on this error, please visit: https://www.seleniumhq.org/exceptions/no_such_element.html
Build info: version: &amp;apos;3.141.59&amp;apos;, revision: &amp;apos;e82be7d358&amp;apos;, time: &amp;apos;2018-11-14T08:17:03&amp;apos;
System info: host: &amp;apos;LAPTOP-NJFUNEJK&amp;apos;, ip: &amp;apos;192.168.0.5&amp;apos;, os.name: &amp;apos;Windows 10&amp;apos;, os.arch: &amp;apos;amd64&amp;apos;, os.version: &amp;apos;10.0&amp;apos;, java.version: &amp;apos;1.8.0_311&amp;apos;
Driver info: org.openqa.selenium.chrome.ChromeDriver
Capabilities {acceptInsecureCerts: false, browserName: chrome, browserVersion: 96.0.4664.93, chrome: {chromedriverVersion: 96.0.4664.45 (76e4c1bb2ab46..., userDataDir: C:\Users\amara\AppData\Loca...}, goog:chromeOptions: {debuggerAddress: localhost:50890}, javascriptEnabled: true, networkConnectionEnabled: false, pageLoadStrategy: normal, platform: WINDOWS, platformName: WINDOWS, proxy: Proxy(), setWindowRect: true, strictFileInteractability: false, timeouts: {implicit: 0, pageLoad: 300000, script: 30000}, unhandledPromptBehavior: dismiss and notify, webauthn:extension:credBlob: true, webauthn:extension:largeBlob: true, webauthn:virtualAuthenticators: true}
Session ID: 17da7c58c9ae4152e67c2e9cfe207d83
*** Element info: {Using=xpath, value=//div[2]/div/div/div[2]/div/div[2]/div[1]}">
      <![CDATA[org.openqa.selenium.NoSuchElementException: no such element: Unable to locate element: {"method":"xpath","selector":"//div[2]/div/div/div[2]/div/div[2]/div[1]"}
  (Session info: chrome=96.0.4664.93)
For documentation on this error, please visit: https://www.seleniumhq.org/exceptions/no_such_element.html
Build info: version: '3.141.59', revision: 'e82be7d358', time: '2018-11-14T08:17:03'
System info: host: 'LAPTOP-NJFUNEJK', ip: '192.168.0.5', os.name: 'Windows 10', os.arch: 'amd64', os.version: '10.0', java.version: '1.8.0_311'
Driver info: org.openqa.selenium.chrome.ChromeDriver
Capabilities {acceptInsecureCerts: false, browserName: chrome, browserVersion: 96.0.4664.93, chrome: {chromedriverVersion: 96.0.4664.45 (76e4c1bb2ab46..., userDataDir: C:\Users\amara\AppData\Loca...}, goog:chromeOptions: {debuggerAddress: localhost:50890}, javascriptEnabled: true, networkConnectionEnabled: false, pageLoadStrategy: normal, platform: WINDOWS, platformName: WINDOWS, proxy: Proxy(), setWindowRect: true, strictFileInteractability: false, timeouts: {implicit: 0, pageLoad: 300000, script: 30000}, unhandledPromptBehavior: dismiss and notify, webauthn:extension:credBlob: true, webauthn:extension:largeBlob: true, webauthn:virtualAuthenticators: true}
Session ID: 17da7c58c9ae4152e67c2e9cfe207d83
*** Element info: {Using=xpath, value=//div[2]/div/div/div[2]/div/div[2]/div[1]}
at org.openqa.selenium.remote.http.W3CHttpResponseCodec.createException(W3CHttpResponseCodec.java:187)
at org.openqa.selenium.remote.http.W3CHttpResponseCodec.decode(W3CHttpResponseCodec.java:122)
at org.openqa.selenium.remote.http.W3CHttpResponseCodec.decode(W3CHttpResponseCodec.java:49)
at org.openqa.selenium.remote.HttpCommandExecutor.execute(HttpCommandExecutor.java:158)
at org.openqa.selenium.remote.service.DriverCommandExecutor.execute(DriverCommandExecutor.java:83)
at org.openqa.selenium.remote.RemoteWebDriver.execute(RemoteWebDriver.java:552)
at org.openqa.selenium.remote.RemoteWebDriver.findElement(RemoteWebDriver.java:323)
at org.openqa.selenium.remote.RemoteWebDriver.findElementByXPath(RemoteWebDriver.java:428)
at org.openqa.selenium.By$ByXPath.findElement(By.java:353)
at org.openqa.selenium.remote.RemoteWebDriver.findElement(RemoteWebDriver.java:315)
at org.openqa.selenium.support.pagefactory.DefaultElementLocator.findElement(DefaultElementLocator.java:69)
at org.openqa.selenium.support.pagefactory.internal.LocatingElementHandler.invoke(LocatingElementHandler.java:38)
at com.sun.proxy.$Proxy14.click(Unknown Source)
at com.pages.HotelPage.BookHotel(HotelPage.java:74)
at com.testcases.HotelPageTest.BookHotelTest(HotelPageTest.java:65)
at java.util.ArrayList.forEach(Unknown Source)
... Removed 31 stack frames]]>
    </failure>
  </testcase> <!-- BookHotelTest -->
</testsuite> <!-- Test -->
